*** Using Compiler 'V5.06 update 5 (build 528)', folder: 'D:\K32\ARM\ARMCC\Bin'
Rebuild target 'Target 1'
compiling misc.c...
compiling system_stm32f10x.c...
compiling stm32f10x_i2c.c...
compiling stm32f10x_cec.c...
compiling stm32f10x_adc.c...
compiling stm32f10x_crc.c...
compiling stm32f10x_bkp.c...
compiling stm32f10x_dac.c...
assembling startup_stm32f10x_md.s...
compiling stm32f10x_gpio.c...
compiling stm32f10x_dbgmcu.c...
compiling stm32f10x_iwdg.c...
compiling stm32f10x_rtc.c...
compiling stm32f10x_flash.c...
compiling stm32f10x_can.c...
compiling stm32f10x_exti.c...
compiling stm32f10x_dma.c...
compiling stm32f10x_pwr.c...
compiling stm32f10x_spi.c...
compiling stm32f10x_sdio.c...
compiling stm32f10x_rcc.c...
compiling stm32f10x_fsmc.c...
compiling stm32f10x_usart.c...
compiling stm32f10x_wwdg.c...
compiling stm32f10x_tim.c...
compiling Delay.c...
compiling Timer.c...
compiling core_cm3.c...
compiling OLED_Data.c...
compiling LED.c...
compiling OLED.c...
compiling Key.c...
compiling MPU6050.c...
Hardware\MPU6050.c(125): warning:  #1-D: last line of file ends without a newline
  }
Hardware\MPU6050.c: 1 warning, 0 errors
compiling MyI2C.c...
compiling Motor.c...
compiling PWM.c...
compiling Encoder.c...
compiling Serial.c...
compiling BlueSerial.c...
compiling GreenLightEyes.c...
compiling Servo.c...
compiling main.c...
compiling stm32f10x_it.c...
compiling PID.c...
compiling InitAll.c...
linking...
Program Size: Code=7176 RO-data=2636 RW-data=44 ZI-data=2756  
".\Objects\Project.axf" - 0 Error(s), 1 Warning(s).
Build Time Elapsed:  00:00:06
